<?xml version="1.0" encoding="UTF-8"?>
<testsuite name="HelloKataShould" tests="1" skipped="0" failures="0" errors="0" timestamp="2020-03-31T10:34:35" hostname="FRANCIS-DESKTOP" time="0.005">
  <properties/>
  <testcase name="HelloTest" classname="HelloKataShould" time="0.005"/>
  <system-out><![CDATA[]]></system-out>
  <system-err><![CDATA[]]></system-err>
</testsuite>
