<?xml version="1.0" encoding="UTF-8"?>
<testsuite name="SolutionTest" tests="4" skipped="0" failures="0" errors="0" timestamp="2020-01-22T04:49:57" hostname="FRANCIS-DESKTOP" time="0.004">
  <properties/>
  <testcase name="B_is_Diamond_Of_Three_Size" classname="SolutionTest" time="0.003"/>
  <testcase name="D_is_Diamond_Of_Seven_Size" classname="SolutionTest" time="0.0"/>
  <testcase name="C_is_Diamond_Of_Five_Size" classname="SolutionTest" time="0.0"/>
  <testcase name="A_is_A" classname="SolutionTest" time="0.0"/>
  <system-out><![CDATA[]]></system-out>
  <system-err><![CDATA[]]></system-err>
</testsuite>
