<?xml version="1.0" encoding="UTF-8"?>
<testsuite name="testTCR" tests="1" skipped="0" failures="0" errors="0" timestamp="2020-05-26T23:37:28" hostname="FRANCIS-DESKTOP" time="0.0">
  <properties/>
  <testcase name="nothing" classname="testTCR" time="0.0"/>
  <system-out><![CDATA[]]></system-out>
  <system-err><![CDATA[]]></system-err>
</testsuite>
